Copyright 1986-2020 Xilinx, Inc. All Rights Reserved.
-----------------------------------------------------------------------------------------------------------------
| Tool Version : Vivado v.2020.1 (lin64) Build 2902540 Wed May 27 19:54:35 MDT 2020
| Date         : Wed Aug 18 09:54:37 2021
| Host         : ip-172-31-34-176.eu-west-1.compute.internal running 64-bit CentOS Linux release 7.9.2009 (Core)
| Command      : upgrade_ip
| Device       : xcvu9p-flgb2104-2-i
-----------------------------------------------------------------------------------------------------------------

Upgrade Log for IP 'axi_dma_0'

1. Summary
----------

SUCCESS in the conversion of axi_dma_0 (xilinx.com:ip:axi_dma:7.1 (Rev. 22)) to Vivado generation flows.






Copyright 1986-2020 Xilinx, Inc. All Rights Reserved.
-----------------------------------------------------------------------------------------------------------------
| Tool Version : Vivado v.2020.1 (lin64) Build 2902540 Wed May 27 19:54:35 MDT 2020
| Date         : Mon Aug  2 08:57:31 2021
| Host         : ip-172-31-34-176.eu-west-1.compute.internal running 64-bit CentOS Linux release 7.9.2009 (Core)
| Command      : upgrade_ip
| Device       : xcvu9p-flgb2104-2-i
-----------------------------------------------------------------------------------------------------------------

Upgrade Log for IP 'cl_debug_bridge'

1. Summary
----------

SUCCESS in the upgrade of cl_debug_bridge (xilinx.com:ip:debug_bridge:3.0) from (Rev. 1) to (Rev. 6)






Copyright 1986-2020 Xilinx, Inc. All Rights Reserved.
-----------------------------------------------------------------------------------------------------------------
| Tool Version : Vivado v.2020.1 (lin64) Build 2902540 Wed May 27 19:54:35 MDT 2020
| Date         : Mon Aug  2 08:56:37 2021
| Host         : ip-172-31-34-176.eu-west-1.compute.internal running 64-bit CentOS Linux release 7.9.2009 (Core)
| Command      : upgrade_ip
| Device       : xcvu9p-flgb2104-2-i
-----------------------------------------------------------------------------------------------------------------

Upgrade Log for IP 'vio_0'

1. Summary
----------

SUCCESS in the upgrade of vio_0 (xilinx.com:ip:vio:3.0) from (Rev. 17) to (Rev. 19)






Copyright 1986-2020 Xilinx, Inc. All Rights Reserved.
-----------------------------------------------------------------------------------------------------------------
| Tool Version : Vivado v.2020.1 (lin64) Build 2902540 Wed May 27 19:54:35 MDT 2020
| Date         : Mon Aug  2 08:56:37 2021
| Host         : ip-172-31-34-176.eu-west-1.compute.internal running 64-bit CentOS Linux release 7.9.2009 (Core)
| Command      : upgrade_ip
| Device       : xcvu9p-flgb2104-2-i
-----------------------------------------------------------------------------------------------------------------

Upgrade Log for IP 'src_register_slice'

1. Summary
----------

SUCCESS in the upgrade of src_register_slice (xilinx.com:ip:axi_register_slice:2.1) from (Rev. 15) to (Rev. 21)






Copyright 1986-2020 Xilinx, Inc. All Rights Reserved.
-----------------------------------------------------------------------------------------------------------------
| Tool Version : Vivado v.2020.1 (lin64) Build 2902540 Wed May 27 19:54:35 MDT 2020
| Date         : Mon Aug  2 08:56:36 2021
| Host         : ip-172-31-34-176.eu-west-1.compute.internal running 64-bit CentOS Linux release 7.9.2009 (Core)
| Command      : upgrade_ip
| Device       : xcvu9p-flgb2104-2-i
-----------------------------------------------------------------------------------------------------------------

Upgrade Log for IP 'ila_vio_counter'

1. Summary
----------

SUCCESS in the upgrade of ila_vio_counter (xilinx.com:ip:ila:6.2) from (Rev. 5) to (Rev. 11)






Copyright 1986-2020 Xilinx, Inc. All Rights Reserved.
-----------------------------------------------------------------------------------------------------------------
| Tool Version : Vivado v.2020.1 (lin64) Build 2902540 Wed May 27 19:54:35 MDT 2020
| Date         : Mon Aug  2 08:56:35 2021
| Host         : ip-172-31-34-176.eu-west-1.compute.internal running 64-bit CentOS Linux release 7.9.2009 (Core)
| Command      : upgrade_ip
| Device       : xcvu9p-flgb2104-2-i
-----------------------------------------------------------------------------------------------------------------

Upgrade Log for IP 'ila_1'

1. Summary
----------

SUCCESS in the upgrade of ila_1 (xilinx.com:ip:ila:6.2) from (Rev. 5) to (Rev. 11)






Copyright 1986-2020 Xilinx, Inc. All Rights Reserved.
-----------------------------------------------------------------------------------------------------------------
| Tool Version : Vivado v.2020.1 (lin64) Build 2902540 Wed May 27 19:54:35 MDT 2020
| Date         : Mon Aug  2 08:56:33 2021
| Host         : ip-172-31-34-176.eu-west-1.compute.internal running 64-bit CentOS Linux release 7.9.2009 (Core)
| Command      : upgrade_ip
| Device       : xcvu9p-flgb2104-2-i
-----------------------------------------------------------------------------------------------------------------

Upgrade Log for IP 'dest_register_slice'

1. Summary
----------

SUCCESS in the upgrade of dest_register_slice (xilinx.com:ip:axi_register_slice:2.1) from (Rev. 15) to (Rev. 21)






Copyright 1986-2020 Xilinx, Inc. All Rights Reserved.
-----------------------------------------------------------------------------------------------------------------
| Tool Version : Vivado v.2020.1 (lin64) Build 2902540 Wed May 27 19:54:35 MDT 2020
| Date         : Mon Aug  2 08:56:32 2021
| Host         : ip-172-31-34-176.eu-west-1.compute.internal running 64-bit CentOS Linux release 7.9.2009 (Core)
| Command      : upgrade_ip
| Device       : xcvu9p-flgb2104-2-i
-----------------------------------------------------------------------------------------------------------------

Upgrade Log for IP 'ddr4_core'

1. Summary
----------

SUCCESS in the upgrade of ddr4_core (xilinx.com:ip:ddr4:2.2) from (Rev. 3) to (Rev. 9)

2. Warnings
-----------

WARNING: INFO: upgrade from same called


3. Upgrade messages
-------------------

WARNING: upgrade cannot set value of parameter C0.DDR4_EN_PARITY to true : there is no parameter called C0.DDR4_EN_PARITY






Copyright 1986-2020 Xilinx, Inc. All Rights Reserved.
-----------------------------------------------------------------------------------------------------------------
| Tool Version : Vivado v.2020.1 (lin64) Build 2902540 Wed May 27 19:54:35 MDT 2020
| Date         : Mon Aug  2 08:54:34 2021
| Host         : ip-172-31-34-176.eu-west-1.compute.internal running 64-bit CentOS Linux release 7.9.2009 (Core)
| Command      : upgrade_ip
| Device       : xcvu9p-flgb2104-2-i
-----------------------------------------------------------------------------------------------------------------

Upgrade Log for IP 'cl_axi_interconnect_axi_interconnect_0_0'

1. Summary
----------

SUCCESS in the upgrade of cl_axi_interconnect_axi_interconnect_0_0 (xilinx.com:ip:axi_interconnect:2.1) from (Rev. 16) to (Rev. 22)






Copyright 1986-2020 Xilinx, Inc. All Rights Reserved.
-----------------------------------------------------------------------------------------------------------------
| Tool Version : Vivado v.2020.1 (lin64) Build 2902540 Wed May 27 19:54:35 MDT 2020
| Date         : Mon Aug  2 08:54:25 2021
| Host         : ip-172-31-34-176.eu-west-1.compute.internal running 64-bit CentOS Linux release 7.9.2009 (Core)
| Command      : upgrade_ip
| Device       : xcvu9p-flgb2104-2-i
-----------------------------------------------------------------------------------------------------------------

Upgrade Log for IP 'axi_register_slice_light'

1. Summary
----------

SUCCESS in the upgrade of axi_register_slice_light (xilinx.com:ip:axi_register_slice:2.1) from (Rev. 15) to (Rev. 21)






Copyright 1986-2020 Xilinx, Inc. All Rights Reserved.
-----------------------------------------------------------------------------------------------------------------
| Tool Version : Vivado v.2020.1 (lin64) Build 2902540 Wed May 27 19:54:35 MDT 2020
| Date         : Mon Aug  2 08:54:25 2021
| Host         : ip-172-31-34-176.eu-west-1.compute.internal running 64-bit CentOS Linux release 7.9.2009 (Core)
| Command      : upgrade_ip
| Device       : xcvu9p-flgb2104-2-i
-----------------------------------------------------------------------------------------------------------------

Upgrade Log for IP 'axi_register_slice'

1. Summary
----------

SUCCESS in the upgrade of axi_register_slice (xilinx.com:ip:axi_register_slice:2.1) from (Rev. 15) to (Rev. 21)






Copyright 1986-2020 Xilinx, Inc. All Rights Reserved.
-----------------------------------------------------------------------------------------------------------------
| Tool Version : Vivado v.2020.1 (lin64) Build 2902540 Wed May 27 19:54:35 MDT 2020
| Date         : Mon Aug  2 08:54:24 2021
| Host         : ip-172-31-34-176.eu-west-1.compute.internal running 64-bit CentOS Linux release 7.9.2009 (Core)
| Command      : upgrade_ip
| Device       : xcvu9p-flgb2104-2-i
-----------------------------------------------------------------------------------------------------------------

Upgrade Log for IP 'axi_clock_converter_0'

1. Summary
----------

SUCCESS in the upgrade of axi_clock_converter_0 (xilinx.com:ip:axi_clock_converter:2.1) from (Rev. 14) to (Rev. 20)

