Copyright 1986-2020 Xilinx, Inc. All Rights Reserved.
----------------------------------------------------------------------------------------------------------------------------------------------------------------------------------------------------
| Tool Version : Vivado v.2020.1 (lin64) Build 2902540 Wed May 27 19:54:35 MDT 2020
| Date         : Wed Aug  4 19:45:30 2021
| Host         : ip-172-31-34-176.eu-west-1.compute.internal running 64-bit CentOS Linux release 7.9.2009 (Core)
| Command      : report_utilization -pblock [get_pblocks pblock_CL] -file /home/centos/src/aws-fpga/hdk/cl/developer_designs/cl_dram_dma/build/reports/21_08_04-172910.utilization_route_design.rpt
| Design       : top_sp
| Device       : xcvu9pflgb2104-2
| Design State : Routed
----------------------------------------------------------------------------------------------------------------------------------------------------------------------------------------------------

Utilization Design Information

Table of Contents
-----------------
1. Pblock Summary
2. Clock Region Statistics
3. CLB Logic
3.1 Summary of Registers by Type
4. CLB Logic Distribution
5. BLOCKRAM
6. ARITHMETIC
7. I/O
8. CLOCK
9. ADVANCED
10. CONFIGURATION
11. Primitives
12. Black Boxes
13. Instantiated Netlists
14. SLR Connectivity
15. SLR Connectivity Matrix
16. SLR CLB Logic and Dedicated Block Utilization
17. SLR IO Utilization

1. Pblock Summary
-----------------

+-------+-----------+---------------+-------------------+-----------------+----------------+
| Index |   Parent  |     Child     | EXCLUDE_PLACEMENT | CONTAIN_ROUTING | SLR(s) Covered |
+-------+-----------+---------------+-------------------+-----------------+----------------+
| 1     | pblock_CL |               |                 1 |               1 | SLR0,SLR1,SLR2 |
| 2     |           | pblock_CL_top |                 0 |               0 |           SLR2 |
| 3     |           | pblock_CL_mid |                 0 |               0 |           SLR1 |
| 4     |           | pblock_CL_bot |                 0 |               0 |           SLR0 |
+-------+-----------+---------------+-------------------+-----------------+----------------+


2. Clock Region Statistics
--------------------------

+-------------+--------------------+
| CLOCKREGION | Pblock Sites in CR |
+-------------+--------------------+
| X0Y0        |              1.78% |
| X0Y1        |              1.58% |
| X0Y10       |              1.78% |
| X0Y11       |              1.58% |
| X0Y12       |              1.58% |
| X0Y13       |              1.58% |
| X0Y14       |              1.78% |
| X0Y2        |              1.58% |
| X0Y3        |              1.58% |
| X0Y4        |              1.78% |
| X0Y5        |              1.78% |
| X0Y6        |              1.58% |
| X0Y7        |              1.58% |
| X0Y8        |              1.58% |
| X0Y9        |              1.78% |
| X1Y0        |              1.34% |
| X1Y1        |              1.14% |
| X1Y10       |              1.34% |
| X1Y11       |              1.14% |
| X1Y12       |              1.14% |
| X1Y13       |              1.14% |
| X1Y14       |              1.34% |
| X1Y2        |              1.14% |
| X1Y3        |              1.14% |
| X1Y4        |              1.34% |
| X1Y5        |              1.34% |
| X1Y6        |              1.14% |
| X1Y7        |              1.14% |
| X1Y8        |              1.14% |
| X1Y9        |              1.34% |
| X2Y0        |              1.94% |
| X2Y1        |              1.74% |
| X2Y10       |              1.94% |
| X2Y11       |              1.74% |
| X2Y12       |              1.74% |
| X2Y13       |              1.74% |
| X2Y14       |              1.94% |
| X2Y2        |              1.74% |
| X2Y3        |              1.74% |
| X2Y4        |              1.94% |
| X2Y5        |              1.94% |
| X2Y6        |              1.74% |
| X2Y7        |              1.74% |
| X2Y8        |              1.74% |
| X2Y9        |              1.94% |
| X3Y0        |              0.93% |
| X3Y1        |              0.73% |
| X3Y10       |              1.34% |
| X3Y11       |              1.14% |
| X3Y12       |              1.14% |
| X3Y13       |              1.14% |
| X3Y14       |              1.34% |
| X3Y2        |              0.73% |
| X3Y3        |              0.73% |
| X3Y4        |              0.93% |
| X3Y5        |              0.93% |
| X3Y6        |              0.73% |
| X3Y7        |              0.73% |
| X3Y8        |              0.73% |
| X3Y9        |              0.93% |
| X4Y10       |              1.78% |
| X4Y11       |              1.58% |
| X4Y12       |              1.58% |
| X4Y13       |              1.58% |
| X4Y14       |              1.78% |
| X5Y10       |              1.51% |
| X5Y11       |              1.31% |
| X5Y12       |              1.31% |
| X5Y13       |              1.31% |
| X5Y14       |              1.51% |
+-------------+--------------------+


3. CLB Logic
------------

+----------------------------+--------+--------+--------------+--------+-------+-----------+-------+
|          Site Type         | Parent |  Child | Non-Assigned |  Used  | Fixed | Available | Util% |
+----------------------------+--------+--------+--------------+--------+-------+-----------+-------+
| CLB LUTs                   |  17143 | 108547 |            0 | 125652 |     0 |    894808 | 14.04 |
|   LUT as Logic             |  13663 |  96530 |            0 | 110155 |     0 |    894808 | 12.31 |
|   LUT as Memory            |   3480 |  12017 |            0 |  15497 |     0 |    450520 |  3.44 |
|     LUT as Distributed RAM |     40 |   6156 |            0 |   6196 |     0 |           |       |
|     LUT as Shift Register  |   3440 |   5861 |            0 |   9301 |     0 |           |       |
| CLB Registers              |  39195 | 155011 |            0 | 194206 |     6 |   1789616 | 10.85 |
|   Register as Flip Flop    |  39195 | 155008 |            0 | 194203 |     6 |   1789616 | 10.85 |
|   Register as Latch        |      0 |      0 |            0 |      0 |     0 |   1789616 |  0.00 |
|   Register as AND/OR       |      0 |      3 |            0 |      3 |     0 |   1789616 | <0.01 |
| CARRY8                     |    315 |   1251 |            0 |   1566 |     0 |    111851 |  1.40 |
| F7 Muxes                   |    642 |   2087 |            0 |   2729 |     0 |    447404 |  0.61 |
| F8 Muxes                   |    259 |    407 |            0 |    666 |     0 |    223702 |  0.30 |
| F9 Muxes                   |      0 |      0 |            0 |      0 |     0 |    111851 |  0.00 |
+----------------------------+--------+--------+--------------+--------+-------+-----------+-------+


3.1 Summary of Registers by Type
--------------------------------

+--------+--------------+-------------+--------------+
|  Total | Clock Enable | Synchronous | Asynchronous |
+--------+--------------+-------------+--------------+
| 3      |            _ |           - |            - |
| 0      |            _ |           - |          Set |
| 0      |            _ |           - |        Reset |
| 0      |            _ |         Set |            - |
| 0      |            _ |       Reset |            - |
| 0      |          Yes |           - |            - |
| 709    |          Yes |           - |          Set |
| 2567   |          Yes |           - |        Reset |
| 4298   |          Yes |         Set |            - |
| 186629 |          Yes |       Reset |            - |
+--------+--------------+-------------+--------------+


4. CLB Logic Distribution
-------------------------

+--------------------------------------------+--------+--------+--------------+--------+-------+-----------+-------+
|                  Site Type                 | Parent |  Child | Non-Assigned |  Used  | Fixed | Available | Util% |
+--------------------------------------------+--------+--------+--------------+--------+-------+-----------+-------+
| CLB                                        |   7484 |  27264 |            0 |  31325 |     0 |    111851 | 28.01 |
|   CLBL                                     |   3850 |  13623 |            0 |  15694 |     0 |           |       |
|   CLBM                                     |   3634 |  13641 |            0 |  15631 |     0 |           |       |
| LUT as Logic                               |  13663 |  96530 |            0 | 110155 |     0 |    894808 | 12.31 |
|   using O5 output only                     |    259 |   1747 |            0 |   1968 |       |           |       |
|   using O6 output only                     |  10295 |  65251 |            0 |  75508 |       |           |       |
|   using O5 and O6                          |   3109 |  29532 |            0 |  32679 |       |           |       |
| LUT as Memory                              |   3480 |  12017 |            0 |  15497 |     0 |    450520 |  3.44 |
|   LUT as Distributed RAM                   |     40 |   6156 |            0 |   6196 |     0 |           |       |
|     using O5 output only                   |      0 |      0 |            0 |      0 |       |           |       |
|     using O6 output only                   |      0 |      0 |            0 |      0 |       |           |       |
|     using O5 and O6                        |     40 |   6156 |            0 |   6196 |       |           |       |
|   LUT as Shift Register                    |   3440 |   5861 |            0 |   9301 |     0 |           |       |
|     using O5 output only                   |      0 |      0 |            0 |      0 |       |           |       |
|     using O6 output only                   |    244 |   5747 |            0 |   5991 |       |           |       |
|     using O5 and O6                        |   3196 |    114 |            0 |   3310 |       |           |       |
| CLB Registers                              |  39195 | 155011 |            0 | 194206 |     0 |   1789616 | 10.85 |
|   Register driven from within the CLB      |  13214 |  73518 |            0 |  87716 |       |           |       |
|   Register driven from outside the CLB     |  25981 |  81493 |            0 | 106490 |       |           |       |
|     LUT in front of the register is unused |  22983 |  57759 |            0 |  76860 |       |           |       |
|     LUT in front of the register is used   |   2998 |  23734 |            0 |  29630 |       |           |       |
| Unique Control Sets                        |    582 |   3696 |            0 |   4274 |       |    223702 |  1.91 |
+--------------------------------------------+--------+--------+--------------+--------+-------+-----------+-------+
* * Note: Available Control Sets calculated as Slices * 2, Review the Control Sets Report for more information regarding control sets.


5. BLOCKRAM
-----------

+-------------------+--------+-------+--------------+------+-------+-----------+-------+
|     Site Type     | Parent | Child | Non-Assigned | Used | Fixed | Available | Util% |
+-------------------+--------+-------+--------------+------+-------+-----------+-------+
| Block RAM Tile    |     95 |   184 |            0 |  279 |     0 |      1680 | 16.61 |
|   RAMB36/FIFO*    |     91 |   180 |            0 |  271 |     0 |      1680 | 16.13 |
|     RAMB36E2 only |     91 |   180 |            0 |  271 |       |           |       |
|   RAMB18          |      8 |     8 |            0 |   16 |     0 |      3360 |  0.48 |
|     RAMB18E2 only |      8 |     8 |            0 |   16 |       |           |       |
| URAM              |      0 |     0 |            0 |    0 |     0 |       800 |  0.00 |
+-------------------+--------+-------+--------------+------+-------+-----------+-------+
* Note: Each Block RAM Tile only has one FIFO logic available and therefore can accommodate only one FIFO36E2 or one FIFO18E2. However, if a FIFO18E2 occupies a Block RAM Tile, that tile can still accommodate a RAMB18E2


6. ARITHMETIC
-------------

+----------------+--------+-------+--------------+------+-------+-----------+-------+
|    Site Type   | Parent | Child | Non-Assigned | Used | Fixed | Available | Util% |
+----------------+--------+-------+--------------+------+-------+-----------+-------+
| DSPs           |      0 |     9 |            9 |   18 |     0 |      5640 |  0.32 |
|   DSP48E2 only |      0 |     9 |            0 |    9 |       |           |       |
|   DSP_ALU only |      0 |     0 |            9 |    9 |       |           |       |
+----------------+--------+-------+--------------+------+-------+-----------+-------+


7. I/O
------

+------------------+--------+-------+--------------+------+-------+-----------+-------+
|     Site Type    | Parent | Child | Non-Assigned | Used | Fixed | Available | Util% |
+------------------+--------+-------+--------------+------+-------+-----------+-------+
| Bonded IOB       |      0 |     0 |            0 |    0 |     0 |       468 |  0.00 |
| HPIOB_M          |      0 |     0 |            0 |    0 |     0 |       216 |  0.00 |
| HPIOB_S          |      0 |     0 |            0 |    0 |     0 |       216 |  0.00 |
| HPIOB_SNGL       |      0 |     0 |            0 |    0 |     0 |        36 |  0.00 |
| HPIOBDIFFINBUF   |      0 |    57 |            0 |   57 |    57 |       480 | 11.88 |
|   DIFFINBUF      |      0 |    57 |            0 |   57 |    57 |           |       |
| HPIOBDIFFOUTBUF  |      0 |     0 |            0 |    0 |     0 |       480 |  0.00 |
| BITSLICE_CONTROL |      0 |    72 |            0 |   72 |     0 |       160 | 45.00 |
| BITSLICE_RX_TX   |      0 |   354 |            0 |  354 |   354 |      1040 | 34.04 |
|   RXTX_BITSLICE  |      0 |   354 |            0 |  354 |   354 |           |       |
| BITSLICE_TX      |      0 |    72 |            0 |   72 |     0 |       160 | 45.00 |
| RIU_OR           |      0 |    36 |            0 |   36 |     0 |        80 | 45.00 |
+------------------+--------+-------+--------------+------+-------+-----------+-------+


8. CLOCK
--------

+----------------------+--------+-------+--------------+------+-------+-----------+-------+
|       Site Type      | Parent | Child | Non-Assigned | Used | Fixed | Available | Util% |
+----------------------+--------+-------+--------------+------+-------+-----------+-------+
| GLOBAL CLOCK BUFFERs |      2 |    10 |            0 |   12 |     0 |      1200 |  1.00 |
|   BUFGCE             |      2 |    10 |            0 |   12 |     0 |       480 |  2.50 |
|   BUFGCE_DIV         |      0 |     0 |            0 |    0 |     0 |        80 |  0.00 |
|   BUFG_GT            |      0 |     0 |            0 |    0 |     0 |       480 |  0.00 |
|   BUFGCTRL*          |      0 |     0 |            0 |    0 |     0 |       160 |  0.00 |
| PLL                  |      0 |     9 |            0 |    9 |     0 |        40 | 22.50 |
| MMCM                 |      0 |     3 |            0 |    3 |     3 |        20 | 15.00 |
+----------------------+--------+-------+--------------+------+-------+-----------+-------+
* Note: Each used BUFGCTRL counts as two GLOBAL CLOCK BUFFERs. This table does not include global clocking resources, only buffer cell usage. See the Clock Utilization Report (report_clock_utilization) for detailed accounting of global clocking resource availability.


9. ADVANCED
-----------

+-----------------+--------+-------+--------------+------+-------+-----------+-------+
|    Site Type    | Parent | Child | Non-Assigned | Used | Fixed | Available | Util% |
+-----------------+--------+-------+--------------+------+-------+-----------+-------+
| CMACE4          |      0 |     0 |            0 |    0 |     0 |         9 |  0.00 |
| GTYE4_CHANNEL   |      0 |     0 |            0 |    0 |     0 |        56 |  0.00 |
| GTYE4_COMMON    |      0 |     0 |            0 |    0 |     0 |        14 |  0.00 |
| ILKNE4          |      0 |     0 |            0 |    0 |     0 |         5 |  0.00 |
| OBUFDS_GTE4     |      0 |     0 |            0 |    0 |     0 |        28 |  0.00 |
| OBUFDS_GTE4_ADV |      0 |     0 |            0 |    0 |     0 |        28 |  0.00 |
| PCIE40E4        |      0 |     0 |            0 |    0 |     0 |         4 |  0.00 |
| SYSMONE4        |      0 |     0 |            0 |    0 |     0 |         1 |  0.00 |
+-----------------+--------+-------+--------------+------+-------+-----------+-------+


10. CONFIGURATION
-----------------

+-------------+--------+-------+--------------+------+-------+-----------+-------+
|  Site Type  | Parent | Child | Non-Assigned | Used | Fixed | Available | Util% |
+-------------+--------+-------+--------------+------+-------+-----------+-------+
| BSCANE2     |      0 |     0 |            0 |    0 |     0 |         4 |  0.00 |
| DNA_PORTE2  |      0 |     0 |            0 |    0 |     0 |         1 |  0.00 |
| EFUSE_USR   |      0 |     0 |            0 |    0 |     0 |         1 |  0.00 |
| FRAME_ECCE4 |      0 |     0 |            0 |    0 |     0 |         1 |  0.00 |
| ICAPE3      |      0 |     0 |            0 |    0 |     0 |         2 |  0.00 |
| MASTER_JTAG |      0 |     0 |            0 |    0 |     0 |         1 |  0.00 |
| STARTUPE3   |      0 |     0 |            0 |    0 |     0 |         1 |  0.00 |
+-------------+--------+-------+--------------+------+-------+-----------+-------+


11. Primitives
--------------

+------------------+--------+---------------------+
|     Ref Name     |  Used  | Functional Category |
+------------------+--------+---------------------+
| FDRE             | 186629 |            Register |
| LUT3             |  43835 |                 CLB |
| LUT6             |  38855 |                 CLB |
| LUT5             |  22707 |                 CLB |
| LUT4             |  20962 |                 CLB |
| LUT2             |  13243 |                 CLB |
| RAMD32           |   9970 |                 CLB |
| SRL16E           |   8883 |                 CLB |
| FDSE             |   4298 |            Register |
| SRLC32E          |   3722 |                 CLB |
| LUT1             |   3232 |                 CLB |
| MUXF7            |   2729 |                 CLB |
| FDCE             |   2567 |            Register |
| RAMS32           |   2422 |                 CLB |
| CARRY8           |   1566 |                 CLB |
| FDPE             |    709 |            Register |
| MUXF8            |    666 |                 CLB |
| RXTX_BITSLICE    |    354 |                 I/O |
| IBUFCTRL         |    273 |              Others |
| RAMB36E2         |    271 |           Block Ram |
| OBUFT_DCIEN      |    216 |                 I/O |
| INBUF            |    216 |                 I/O |
| OBUFT            |    108 |                 I/O |
| OBUF             |     84 |                 I/O |
| TX_BITSLICE_TRI  |     72 |                 I/O |
| BITSLICE_CONTROL |     72 |                 I/O |
| DIFFINBUF        |     57 |                 I/O |
| INV              |     54 |                 CLB |
| RIU_OR           |     36 |                 I/O |
| HPIO_VREF        |     27 |                 I/O |
| RAMB18E2         |     16 |           Block Ram |
| BUFGCE           |     12 |               Clock |
| PLLE4_ADV        |      9 |               Clock |
| DSP_PREADD_DATA  |      9 |          Arithmetic |
| DSP_PREADD       |      9 |          Arithmetic |
| DSP_OUTPUT       |      9 |          Arithmetic |
| DSP_M_DATA       |      9 |          Arithmetic |
| DSP_MULTIPLIER   |      9 |          Arithmetic |
| DSP_C_DATA       |      9 |          Arithmetic |
| DSP_A_B_DATA     |      9 |          Arithmetic |
| DSP_ALU          |      9 |          Arithmetic |
| DSP48E2          |      9 |          Arithmetic |
| SRLC16E          |      6 |                 CLB |
| MMCME4_ADV       |      3 |               Clock |
| AND2B1L          |      3 |              Others |
+------------------+--------+---------------------+


12. Black Boxes
---------------

+------------+------+
|  Ref Name  | Used |
+------------+------+
| lib_pipe_0 |    1 |
+------------+------+


13. Instantiated Netlists
-------------------------

+---------------+------+
|    Ref Name   | Used |
+---------------+------+
| ddr4_core_phy |    4 |
| xsdbm_CV      |    1 |
| xsdbm         |    1 |
| sh_shim       |    1 |
| sh_sda        |    1 |
| dbg_hub_CV    |    1 |
| cl_dram_dma   |    1 |
| WRAPPER       |    1 |
+---------------+------+


14. SLR Connectivity
--------------------

+----------------------------------+------+-------+-----------+-------+
|                                  | Used | Fixed | Available | Util% |
+----------------------------------+------+-------+-----------+-------+
| SLR2 <-> SLR1                    | 1635 |       |     17280 |  9.46 |
|   SLR1 -> SLR2                   |  937 |       |           |  5.42 |
|     Using TX_REG only            |    0 |     0 |           |       |
|     Using RX_REG only            |    0 |     0 |           |       |
|     Using Both TX_REG and RX_REG |    0 |     0 |           |       |
|   SLR2 -> SLR1                   |  698 |       |           |  4.04 |
|     Using TX_REG only            |    0 |     0 |           |       |
|     Using RX_REG only            |    0 |     0 |           |       |
|     Using Both TX_REG and RX_REG |    0 |     0 |           |       |
| SLR1 <-> SLR0                    | 8078 |       |     17280 | 46.75 |
|   SLR0 -> SLR1                   | 4081 |       |           | 23.62 |
|     Using TX_REG only            |    0 |     0 |           |       |
|     Using RX_REG only            |    0 |     0 |           |       |
|     Using Both TX_REG and RX_REG |    0 |     0 |           |       |
|   SLR1 -> SLR0                   | 3997 |       |           | 23.13 |
|     Using TX_REG only            |    0 |     0 |           |       |
|     Using RX_REG only            |    0 |     0 |           |       |
|     Using Both TX_REG and RX_REG |    0 |     0 |           |       |
+----------------------------------+------+-------+-----------+-------+
| Total SLLs Used                  | 9713 |       |           |       |
+----------------------------------+------+-------+-----------+-------+


15. SLR Connectivity Matrix
---------------------------

+-----------+------+------+------+
| FROM \ TO | SLR2 | SLR1 | SLR0 |
+-----------+------+------+------+
| SLR2      |    0 |  698 |    0 |
| SLR1      |  937 |    0 | 3997 |
| SLR0      |    0 | 4081 |    0 |
+-----------+------+------+------+


16. SLR CLB Logic and Dedicated Block Utilization
-------------------------------------------------

+----------------------------+-------+--------+-------+--------+--------+--------+
|          Site Type         |  SLR0 |  SLR1  |  SLR2 | SLR0 % | SLR1 % | SLR2 % |
+----------------------------+-------+--------+-------+--------+--------+--------+
| CLB                        |  8251 |  15627 |  7447 |  16.75 |  31.72 |  15.12 |
|   CLBL                     |  4217 |   7783 |  3694 |  17.14 |  31.64 |  15.02 |
|   CLBM                     |  4034 |   7844 |  3753 |  16.36 |  31.81 |  15.22 |
| CLB LUTs                   | 29297 |  65675 | 30680 |   7.43 |  16.67 |   7.79 |
|   LUT as Logic             | 25844 |  58545 | 25766 |   6.56 |  14.86 |   6.54 |
|     using O5 output only   |   540 |    930 |   498 |   0.14 |   0.24 |   0.13 |
|     using O6 output only   | 18046 |  39367 | 18095 |   4.58 |   9.99 |   4.59 |
|     using O5 and O6        |  7258 |  18248 |  7173 |   1.84 |   4.63 |   1.82 |
|   LUT as Memory            |  3453 |   7130 |  4914 |   1.75 |   3.61 |   2.49 |
|     LUT as Distributed RAM |  2052 |   2092 |  2052 |   1.04 |   1.06 |   1.04 |
|       using O5 output only |     0 |      0 |     0 |   0.00 |   0.00 |   0.00 |
|       using O6 output only |     0 |      0 |     0 |   0.00 |   0.00 |   0.00 |
|       using O5 and O6      |  2052 |   2092 |  2052 |   1.04 |   1.06 |   1.04 |
|     LUT as Shift Register  |  1401 |   5038 |  2862 |   0.71 |   2.55 |   1.45 |
|       using O5 output only |     0 |      0 |     0 |   0.00 |   0.00 |   0.00 |
|       using O6 output only |  1363 |   3180 |  1448 |   0.69 |   1.61 |   0.73 |
|       using O5 and O6      |    38 |   1858 |  1414 |   0.02 |   0.94 |   0.72 |
| CLB Registers              | 41014 | 104370 | 48822 |   5.20 |  13.24 |   6.19 |
| CARRY8                     |   285 |    889 |   392 |   0.58 |   1.80 |   0.80 |
| F7 Muxes                   |   603 |   1344 |   782 |   0.31 |   0.68 |   0.40 |
| F8 Muxes                   |    93 |    400 |   173 |   0.09 |   0.41 |   0.18 |
| F9 Muxes                   |     0 |      0 |     0 |   0.00 |   0.00 |   0.00 |
| Block RAM Tile             |    48 |  146.5 |  84.5 |   6.67 |  20.35 |  11.74 |
|   RAMB36/FIFO              |    47 |    142 |    82 |   6.53 |  19.72 |  11.39 |
|     RAMB36E2 only          |    47 |    142 |    82 |   6.53 |  19.72 |  11.39 |
|   RAMB18                   |     2 |      9 |     5 |   0.14 |   0.63 |   0.35 |
|     RAMB18E2 only          |     2 |      9 |     5 |   0.14 |   0.63 |   0.35 |
| URAM                       |     0 |      0 |     0 |   0.00 |   0.00 |   0.00 |
| DSPs                       |     3 |      3 |     3 |   0.13 |   0.13 |   0.13 |
| PLL                        |     0 |      0 |     0 |   0.00 |   0.00 |   0.00 |
| MMCM                       |     0 |      0 |     0 |   0.00 |   0.00 |   0.00 |
| Unique Control Sets        |  1108 |   2107 |  1102 |   1.12 |   2.14 |   1.12 |
+----------------------------+-------+--------+-------+--------+--------+--------+
* Note: Available Control Sets based on CLB Registers / 8


17. SLR IO Utilization
----------------------

+-----------+-----------+---------+------------+----------+------------+----------+-----+
| SLR Index | Used IOBs | (%)IOBs | Used IPADs | (%)IPADs | Used OPADs | (%)OPADs | GTs |
+-----------+-----------+---------+------------+----------+------------+----------+-----+
| SLR2      |         0 |    0.00 |          0 |     0.00 |          0 |     0.00 |   0 |
| SLR1      |         0 |    0.00 |          0 |     0.00 |          0 |     0.00 |   0 |
| SLR0      |         0 |    0.00 |          0 |     0.00 |          0 |     0.00 |   0 |
+-----------+-----------+---------+------------+----------+------------+----------+-----+
| Total     |         0 |         |          0 |          |          0 |          |   0 |
+-----------+-----------+---------+------------+----------+------------+----------+-----+


